<?xml version="1.0" encoding="UTF-8"?>
<!-- Generated by org.testng.reporters.JUnitReportReporter -->
<testsuite hostname="DESKTOP-A33VMNV" failures="0" tests="3" name="com.qa.ecom.testcases.LoginPageTest" time="15.184" errors="0" timestamp="2021-10-28T22:57:23 IST" skipped="0">
  <testcase classname="com.qa.ecom.testcases.LoginPageTest" name="yourStoreLinkTest" time="6.254"/>
  <system-out/>
  <testcase classname="com.qa.ecom.testcases.LoginPageTest" name="loginPageTitleTest" time="4.073"/>
  <system-out/>
  <testcase classname="com.qa.ecom.testcases.LoginPageTest" name="loginTest" time="4.857"/>
  <system-out/>
</testsuite> <!-- com.qa.ecom.testcases.LoginPageTest -->
